<?xml version="1.0" encoding="UTF-8"?>
<testng-results ignored="0" total="15" passed="15" failed="0" skipped="0">
  <reporter-output>
  </reporter-output>
  <suite started-at="2024-10-15T17:02:44 EDT" name="Inventory Management Suite" finished-at="2024-10-15T17:02:44 EDT" duration-ms="126">
    <groups>
    </groups>
    <test started-at="2024-10-15T17:02:44 EDT" name="Shirt Management Tests" finished-at="2024-10-15T17:02:44 EDT" duration-ms="126">
      <class name="com.skillstorm.inventorymanagement.models.ShirtTest">
        <test-method is-config="true" signature="setUp()[pri:0, instance:com.skillstorm.inventorymanagement.models.ShirtTest@37fbe4a8]" started-at="2024-10-15T17:02:44 EDT" name="setUp" finished-at="2024-10-15T17:02:44 EDT" duration-ms="16" status="PASS">
          <reporter-output>
          </reporter-output>
        </test-method> <!-- setUp -->
        <test-method signature="testAnimal()[pri:0, instance:com.skillstorm.inventorymanagement.models.ShirtTest@37fbe4a8]" started-at="2024-10-15T17:02:44 EDT" name="testAnimal" finished-at="2024-10-15T17:02:44 EDT" duration-ms="7" status="PASS">
          <reporter-output>
          </reporter-output>
        </test-method> <!-- testAnimal -->
        <test-method is-config="true" signature="setUp()[pri:0, instance:com.skillstorm.inventorymanagement.models.ShirtTest@37fbe4a8]" started-at="2024-10-15T17:02:44 EDT" name="setUp" finished-at="2024-10-15T17:02:44 EDT" duration-ms="1" status="PASS">
          <reporter-output>
          </reporter-output>
        </test-method> <!-- setUp -->
        <test-method signature="testEquals()[pri:0, instance:com.skillstorm.inventorymanagement.models.ShirtTest@37fbe4a8]" started-at="2024-10-15T17:02:44 EDT" name="testEquals" finished-at="2024-10-15T17:02:44 EDT" duration-ms="0" status="PASS">
          <reporter-output>
          </reporter-output>
        </test-method> <!-- testEquals -->
        <test-method signature="testHashCode()[pri:0, instance:com.skillstorm.inventorymanagement.models.ShirtTest@37fbe4a8]" started-at="2024-10-15T17:02:44 EDT" name="testHashCode" finished-at="2024-10-15T17:02:44 EDT" duration-ms="0" status="PASS">
          <reporter-output>
          </reporter-output>
        </test-method> <!-- testHashCode -->
        <test-method is-config="true" signature="setUp()[pri:0, instance:com.skillstorm.inventorymanagement.models.ShirtTest@37fbe4a8]" started-at="2024-10-15T17:02:44 EDT" name="setUp" finished-at="2024-10-15T17:02:44 EDT" duration-ms="0" status="PASS">
          <reporter-output>
          </reporter-output>
        </test-method> <!-- setUp -->
        <test-method signature="testId()[pri:0, instance:com.skillstorm.inventorymanagement.models.ShirtTest@37fbe4a8]" started-at="2024-10-15T17:02:44 EDT" name="testId" finished-at="2024-10-15T17:02:44 EDT" duration-ms="0" status="PASS">
          <reporter-output>
          </reporter-output>
        </test-method> <!-- testId -->
        <test-method is-config="true" signature="setUp()[pri:0, instance:com.skillstorm.inventorymanagement.models.ShirtTest@37fbe4a8]" started-at="2024-10-15T17:02:44 EDT" name="setUp" finished-at="2024-10-15T17:02:44 EDT" duration-ms="0" status="PASS">
          <reporter-output>
          </reporter-output>
        </test-method> <!-- setUp -->
        <test-method signature="testSize()[pri:0, instance:com.skillstorm.inventorymanagement.models.ShirtTest@37fbe4a8]" started-at="2024-10-15T17:02:44 EDT" name="testSize" finished-at="2024-10-15T17:02:44 EDT" duration-ms="0" status="PASS">
          <reporter-output>
          </reporter-output>
        </test-method> <!-- testSize -->
        <test-method is-config="true" signature="setUp()[pri:0, instance:com.skillstorm.inventorymanagement.models.ShirtTest@37fbe4a8]" started-at="2024-10-15T17:02:44 EDT" name="setUp" finished-at="2024-10-15T17:02:44 EDT" duration-ms="0" status="PASS">
          <reporter-output>
          </reporter-output>
        </test-method> <!-- setUp -->
        <test-method signature="testToString()[pri:0, instance:com.skillstorm.inventorymanagement.models.ShirtTest@37fbe4a8]" started-at="2024-10-15T17:02:44 EDT" name="testToString" finished-at="2024-10-15T17:02:44 EDT" duration-ms="6" status="PASS">
          <reporter-output>
          </reporter-output>
        </test-method> <!-- testToString -->
        <test-method is-config="true" signature="setUp()[pri:0, instance:com.skillstorm.inventorymanagement.models.ShirtTest@37fbe4a8]" started-at="2024-10-15T17:02:44 EDT" name="setUp" finished-at="2024-10-15T17:02:44 EDT" duration-ms="0" status="PASS">
          <reporter-output>
          </reporter-output>
        </test-method> <!-- setUp -->
        <test-method signature="testWarehouse()[pri:0, instance:com.skillstorm.inventorymanagement.models.ShirtTest@37fbe4a8]" started-at="2024-10-15T17:02:44 EDT" name="testWarehouse" finished-at="2024-10-15T17:02:44 EDT" duration-ms="1" status="PASS">
          <reporter-output>
          </reporter-output>
        </test-method> <!-- testWarehouse -->
        <test-method is-config="true" signature="setUp()[pri:0, instance:com.skillstorm.inventorymanagement.models.ShirtTest@37fbe4a8]" started-at="2024-10-15T17:02:44 EDT" name="setUp" finished-at="2024-10-15T17:02:44 EDT" duration-ms="0" status="PASS">
          <reporter-output>
          </reporter-output>
        </test-method> <!-- setUp -->
      </class> <!-- com.skillstorm.inventorymanagement.models.ShirtTest -->
      <class name="com.skillstorm.inventorymanagement.models.WarehouseTest">
        <test-method is-config="true" signature="setUp()[pri:0, instance:com.skillstorm.inventorymanagement.models.WarehouseTest@702ed190]" started-at="2024-10-15T17:02:44 EDT" name="setUp" finished-at="2024-10-15T17:02:44 EDT" duration-ms="1" status="PASS">
          <reporter-output>
          </reporter-output>
        </test-method> <!-- setUp -->
        <test-method signature="testCapacity()[pri:0, instance:com.skillstorm.inventorymanagement.models.WarehouseTest@702ed190]" started-at="2024-10-15T17:02:44 EDT" name="testCapacity" finished-at="2024-10-15T17:02:44 EDT" duration-ms="0" status="PASS">
          <reporter-output>
          </reporter-output>
        </test-method> <!-- testCapacity -->
        <test-method signature="testCity()[pri:0, instance:com.skillstorm.inventorymanagement.models.WarehouseTest@702ed190]" started-at="2024-10-15T17:02:44 EDT" name="testCity" finished-at="2024-10-15T17:02:44 EDT" duration-ms="0" status="PASS">
          <reporter-output>
          </reporter-output>
        </test-method> <!-- testCity -->
        <test-method is-config="true" signature="setUp()[pri:0, instance:com.skillstorm.inventorymanagement.models.WarehouseTest@702ed190]" started-at="2024-10-15T17:02:44 EDT" name="setUp" finished-at="2024-10-15T17:02:44 EDT" duration-ms="0" status="PASS">
          <reporter-output>
          </reporter-output>
        </test-method> <!-- setUp -->
        <test-method is-config="true" signature="setUp()[pri:0, instance:com.skillstorm.inventorymanagement.models.WarehouseTest@702ed190]" started-at="2024-10-15T17:02:44 EDT" name="setUp" finished-at="2024-10-15T17:02:44 EDT" duration-ms="1" status="PASS">
          <reporter-output>
          </reporter-output>
        </test-method> <!-- setUp -->
        <test-method signature="testEquals()[pri:0, instance:com.skillstorm.inventorymanagement.models.WarehouseTest@702ed190]" started-at="2024-10-15T17:02:44 EDT" name="testEquals" finished-at="2024-10-15T17:02:44 EDT" duration-ms="0" status="PASS">
          <reporter-output>
          </reporter-output>
        </test-method> <!-- testEquals -->
        <test-method signature="testId()[pri:0, instance:com.skillstorm.inventorymanagement.models.WarehouseTest@702ed190]" started-at="2024-10-15T17:02:44 EDT" name="testId" finished-at="2024-10-15T17:02:44 EDT" duration-ms="1" status="PASS">
          <reporter-output>
          </reporter-output>
        </test-method> <!-- testId -->
        <test-method signature="testHashCode()[pri:0, instance:com.skillstorm.inventorymanagement.models.WarehouseTest@702ed190]" started-at="2024-10-15T17:02:44 EDT" name="testHashCode" finished-at="2024-10-15T17:02:44 EDT" duration-ms="0" status="PASS">
          <reporter-output>
          </reporter-output>
        </test-method> <!-- testHashCode -->
        <test-method is-config="true" signature="setUp()[pri:0, instance:com.skillstorm.inventorymanagement.models.WarehouseTest@702ed190]" started-at="2024-10-15T17:02:44 EDT" name="setUp" finished-at="2024-10-15T17:02:44 EDT" duration-ms="0" status="PASS">
          <reporter-output>
          </reporter-output>
        </test-method> <!-- setUp -->
        <test-method is-config="true" signature="setUp()[pri:0, instance:com.skillstorm.inventorymanagement.models.WarehouseTest@702ed190]" started-at="2024-10-15T17:02:44 EDT" name="setUp" finished-at="2024-10-15T17:02:44 EDT" duration-ms="0" status="PASS">
          <reporter-output>
          </reporter-output>
        </test-method> <!-- setUp -->
        <test-method signature="testShirts()[pri:0, instance:com.skillstorm.inventorymanagement.models.WarehouseTest@702ed190]" started-at="2024-10-15T17:02:44 EDT" name="testShirts" finished-at="2024-10-15T17:02:44 EDT" duration-ms="0" status="PASS">
          <reporter-output>
          </reporter-output>
        </test-method> <!-- testShirts -->
        <test-method signature="testToString()[pri:0, instance:com.skillstorm.inventorymanagement.models.WarehouseTest@702ed190]" started-at="2024-10-15T17:02:44 EDT" name="testToString" finished-at="2024-10-15T17:02:44 EDT" duration-ms="0" status="PASS">
          <reporter-output>
          </reporter-output>
        </test-method> <!-- testToString -->
        <test-method is-config="true" signature="setUp()[pri:0, instance:com.skillstorm.inventorymanagement.models.WarehouseTest@702ed190]" started-at="2024-10-15T17:02:44 EDT" name="setUp" finished-at="2024-10-15T17:02:44 EDT" duration-ms="0" status="PASS">
          <reporter-output>
          </reporter-output>
        </test-method> <!-- setUp -->
        <test-method is-config="true" signature="setUp()[pri:0, instance:com.skillstorm.inventorymanagement.models.WarehouseTest@702ed190]" started-at="2024-10-15T17:02:44 EDT" name="setUp" finished-at="2024-10-15T17:02:44 EDT" duration-ms="0" status="PASS">
          <reporter-output>
          </reporter-output>
        </test-method> <!-- setUp -->
        <test-method signature="testWarehouseName()[pri:0, instance:com.skillstorm.inventorymanagement.models.WarehouseTest@702ed190]" started-at="2024-10-15T17:02:44 EDT" name="testWarehouseName" finished-at="2024-10-15T17:02:44 EDT" duration-ms="0" status="PASS">
          <reporter-output>
          </reporter-output>
        </test-method> <!-- testWarehouseName -->
        <test-method is-config="true" signature="setUp()[pri:0, instance:com.skillstorm.inventorymanagement.models.WarehouseTest@702ed190]" started-at="2024-10-15T17:02:44 EDT" name="setUp" finished-at="2024-10-15T17:02:44 EDT" duration-ms="0" status="PASS">
          <reporter-output>
          </reporter-output>
        </test-method> <!-- setUp -->
      </class> <!-- com.skillstorm.inventorymanagement.models.WarehouseTest -->
    </test> <!-- Shirt Management Tests -->
  </suite> <!-- Inventory Management Suite -->
</testng-results>
