<?xml version="1.0" encoding="UTF-8"?>
<testng-results ignored="0" total="54" passed="52" failed="2" skipped="0">
  <reporter-output>
  </reporter-output>
  <suite started-at="2024-10-16T13:49:40 EDT" name="Inventory Management Suite" finished-at="2024-10-16T13:49:43 EDT" duration-ms="3205">
    <groups>
      <group name="cucumber">
        <method signature="AbstractTestNGCucumberTests.runScenario(io.cucumber.testng.PickleWrapper,io.cucumber.testng.FeatureWrapper)[pri:0, instance:com.skillstorm.inventorymanagement.cucumber.RunCucumberTest@1804f60d]" name="runScenario" class="io.cucumber.testng.AbstractTestNGCucumberTests"/>
      </group> <!-- cucumber -->
    </groups>
    <test started-at="2024-10-16T13:49:40 EDT" name="Shirt Management Tests" finished-at="2024-10-16T13:49:43 EDT" duration-ms="3205">
      <class name="com.skillstorm.inventorymanagement.services.WarehouseServiceTest">
        <test-method is-config="true" signature="setUp()[pri:0, instance:com.skillstorm.inventorymanagement.services.WarehouseServiceTest@6ebd78d1]" started-at="2024-10-16T13:49:42 EDT" name="setUp" finished-at="2024-10-16T13:49:43 EDT" duration-ms="916" status="PASS">
          <reporter-output>
          </reporter-output>
        </test-method> <!-- setUp -->
        <test-method signature="testDeleteWarehouse()[pri:0, instance:com.skillstorm.inventorymanagement.services.WarehouseServiceTest@6ebd78d1]" started-at="2024-10-16T13:49:43 EDT" name="testDeleteWarehouse" finished-at="2024-10-16T13:49:43 EDT" duration-ms="40" status="PASS">
          <reporter-output>
          </reporter-output>
        </test-method> <!-- testDeleteWarehouse -->
        <test-method is-config="true" signature="tearDown()[pri:0, instance:com.skillstorm.inventorymanagement.services.WarehouseServiceTest@6ebd78d1]" started-at="2024-10-16T13:49:43 EDT" name="tearDown" finished-at="2024-10-16T13:49:43 EDT" duration-ms="0" status="PASS">
          <reporter-output>
          </reporter-output>
        </test-method> <!-- tearDown -->
        <test-method is-config="true" signature="setUp()[pri:0, instance:com.skillstorm.inventorymanagement.services.WarehouseServiceTest@6ebd78d1]" started-at="2024-10-16T13:49:43 EDT" name="setUp" finished-at="2024-10-16T13:49:43 EDT" duration-ms="2" status="PASS">
          <reporter-output>
          </reporter-output>
        </test-method> <!-- setUp -->
        <test-method signature="testDeleteWarehouseAndAssociatedShirts()[pri:0, instance:com.skillstorm.inventorymanagement.services.WarehouseServiceTest@6ebd78d1]" started-at="2024-10-16T13:49:43 EDT" name="testDeleteWarehouseAndAssociatedShirts" finished-at="2024-10-16T13:49:43 EDT" duration-ms="8" status="PASS">
          <reporter-output>
          </reporter-output>
        </test-method> <!-- testDeleteWarehouseAndAssociatedShirts -->
        <test-method is-config="true" signature="setUp()[pri:0, instance:com.skillstorm.inventorymanagement.services.WarehouseServiceTest@6ebd78d1]" started-at="2024-10-16T13:49:43 EDT" name="setUp" finished-at="2024-10-16T13:49:43 EDT" duration-ms="1" status="PASS">
          <reporter-output>
          </reporter-output>
        </test-method> <!-- setUp -->
        <test-method is-config="true" signature="tearDown()[pri:0, instance:com.skillstorm.inventorymanagement.services.WarehouseServiceTest@6ebd78d1]" started-at="2024-10-16T13:49:43 EDT" name="tearDown" finished-at="2024-10-16T13:49:43 EDT" duration-ms="0" status="PASS">
          <reporter-output>
          </reporter-output>
        </test-method> <!-- tearDown -->
        <test-method signature="testFindAllWarehouses()[pri:0, instance:com.skillstorm.inventorymanagement.services.WarehouseServiceTest@6ebd78d1]" started-at="2024-10-16T13:49:43 EDT" name="testFindAllWarehouses" finished-at="2024-10-16T13:49:43 EDT" duration-ms="1" status="PASS">
          <reporter-output>
          </reporter-output>
        </test-method> <!-- testFindAllWarehouses -->
        <test-method is-config="true" signature="tearDown()[pri:0, instance:com.skillstorm.inventorymanagement.services.WarehouseServiceTest@6ebd78d1]" started-at="2024-10-16T13:49:43 EDT" name="tearDown" finished-at="2024-10-16T13:49:43 EDT" duration-ms="1" status="PASS">
          <reporter-output>
          </reporter-output>
        </test-method> <!-- tearDown -->
        <test-method is-config="true" signature="setUp()[pri:0, instance:com.skillstorm.inventorymanagement.services.WarehouseServiceTest@6ebd78d1]" started-at="2024-10-16T13:49:43 EDT" name="setUp" finished-at="2024-10-16T13:49:43 EDT" duration-ms="1" status="PASS">
          <reporter-output>
          </reporter-output>
        </test-method> <!-- setUp -->
        <test-method signature="testSaveWarehouse()[pri:0, instance:com.skillstorm.inventorymanagement.services.WarehouseServiceTest@6ebd78d1]" started-at="2024-10-16T13:49:43 EDT" name="testSaveWarehouse" finished-at="2024-10-16T13:49:43 EDT" duration-ms="2" status="PASS">
          <reporter-output>
          </reporter-output>
        </test-method> <!-- testSaveWarehouse -->
        <test-method is-config="true" signature="tearDown()[pri:0, instance:com.skillstorm.inventorymanagement.services.WarehouseServiceTest@6ebd78d1]" started-at="2024-10-16T13:49:43 EDT" name="tearDown" finished-at="2024-10-16T13:49:43 EDT" duration-ms="0" status="PASS">
          <reporter-output>
          </reporter-output>
        </test-method> <!-- tearDown -->
      </class> <!-- com.skillstorm.inventorymanagement.services.WarehouseServiceTest -->
      <class name="com.skillstorm.inventorymanagement.cucumber.RunCucumberTest">
        <test-method is-config="true" signature="setUpClass(org.testng.ITestContext)[pri:0, instance:com.skillstorm.inventorymanagement.cucumber.RunCucumberTest@1804f60d]" started-at="2024-10-16T13:49:40 EDT" name="setUpClass" finished-at="2024-10-16T13:49:41 EDT" duration-ms="691" status="PASS">
          <params>
            <param index="0">
              <value>
                <![CDATA[org.testng.TestRunner@4f355321]]>
              </value>
            </param>
          </params>
          <reporter-output>
          </reporter-output>
        </test-method> <!-- setUpClass -->
        <test-method signature="runScenario(io.cucumber.testng.PickleWrapper,io.cucumber.testng.FeatureWrapper)[pri:0, instance:com.skillstorm.inventorymanagement.cucumber.RunCucumberTest@1804f60d]" started-at="2024-10-16T13:49:41 EDT" name="runScenario" description="Runs Cucumber Scenarios" data-provider="scenarios" finished-at="2024-10-16T13:49:42 EDT" duration-ms="1055" status="FAIL">
          <params>
            <param index="0">
              <value>
                <![CDATA["Add a new shirt to the inventory"]]>
              </value>
            </param>
            <param index="1">
              <value>
                <![CDATA["Shirt Management"]]>
              </value>
            </param>
          </params>
          <exception class="org.openqa.selenium.SessionNotCreatedException">
            <message>
              <![CDATA[Could not start a new session. Possible causes are invalid address of the remote server or browser start-up failure. 
Host info: host: 'KEVPC', ip: '192.168.1.156'
Build info: version: '4.14.1', revision: '03f8ede370'
System info: os.name: 'Windows 11', os.arch: 'amd64', os.version: '10.0', java.version: '17.0.10'
Driver info: org.openqa.selenium.chrome.ChromeDriver
Command: [null, newSession {capabilities=[Capabilities {browserName: chrome, goog:chromeOptions: {args: [], binary: C:\Program Files\Google\Chr..., extensions: []}}]}]]]>
            </message>
            <full-stacktrace>
              <![CDATA[org.openqa.selenium.SessionNotCreatedException: Could not start a new session. Possible causes are invalid address of the remote server or browser start-up failure. 
Host info: host: 'KEVPC', ip: '192.168.1.156'
Build info: version: '4.14.1', revision: '03f8ede370'
System info: os.name: 'Windows 11', os.arch: 'amd64', os.version: '10.0', java.version: '17.0.10'
Driver info: org.openqa.selenium.chrome.ChromeDriver
Command: [null, newSession {capabilities=[Capabilities {browserName: chrome, goog:chromeOptions: {args: [], binary: C:\Program Files\Google\Chr..., extensions: []}}]}]
at org.openqa.selenium.remote.RemoteWebDriver.execute(RemoteWebDriver.java:620)
at org.openqa.selenium.remote.RemoteWebDriver.startSession(RemoteWebDriver.java:236)
at org.openqa.selenium.remote.RemoteWebDriver.<init>(RemoteWebDriver.java:163)
at org.openqa.selenium.chromium.ChromiumDriver.<init>(ChromiumDriver.java:108)
at org.openqa.selenium.chrome.ChromeDriver.<init>(ChromeDriver.java:88)
at org.openqa.selenium.chrome.ChromeDriver.<init>(ChromeDriver.java:83)
at org.openqa.selenium.chrome.ChromeDriver.<init>(ChromeDriver.java:51)
at com.skillstorm.inventorymanagement.cucumber.ShirtsSteps.setUp(ShirtsSteps.java:21)
Caused by: java.lang.NoSuchMethodError: 'java.util.stream.Collector com.google.common.collect.ImmutableSortedSet.toImmutableSortedSet(java.util.Comparator)'
at org.openqa.selenium.remote.NewSessionPayload.lambda$validate$3(NewSessionPayload.java:171)
at java.base/java.util.stream.ReferencePipeline$15$1.accept(ReferencePipeline.java:540)
at java.base/java.util.stream.ReferencePipeline$3$1.accept(ReferencePipeline.java:197)
at java.base/java.util.stream.ReferencePipeline$15$1.accept(ReferencePipeline.java:541)
at java.base/java.util.ArrayList$ArrayListSpliterator.forEachRemaining(ArrayList.java:1625)
at java.base/java.util.stream.AbstractPipeline.copyInto(AbstractPipeline.java:509)
at java.base/java.util.stream.AbstractPipeline.wrapAndCopyInto(AbstractPipeline.java:499)
at java.base/java.util.stream.ForEachOps$ForEachOp.evaluateSequential(ForEachOps.java:150)
at java.base/java.util.stream.ForEachOps$ForEachOp$OfRef.evaluateSequential(ForEachOps.java:173)
at java.base/java.util.stream.AbstractPipeline.evaluate(AbstractPipeline.java:234)
at java.base/java.util.stream.ReferencePipeline.forEach(ReferencePipeline.java:596)
at org.openqa.selenium.remote.NewSessionPayload.validate(NewSessionPayload.java:188)
at org.openqa.selenium.remote.NewSessionPayload.<init>(NewSessionPayload.java:91)
at org.openqa.selenium.remote.NewSessionPayload.create(NewSessionPayload.java:127)
at org.openqa.selenium.remote.NewSessionPayload.create(NewSessionPayload.java:111)
at org.openqa.selenium.remote.ProtocolHandshake.createSession(ProtocolHandshake.java:67)
at org.openqa.selenium.remote.HttpCommandExecutor.execute(HttpCommandExecutor.java:163)
at org.openqa.selenium.remote.service.DriverCommandExecutor.invokeExecute(DriverCommandExecutor.java:200)
at org.openqa.selenium.remote.service.DriverCommandExecutor.execute(DriverCommandExecutor.java:175)
at org.openqa.selenium.remote.RemoteWebDriver.execute(RemoteWebDriver.java:602)
at org.openqa.selenium.remote.RemoteWebDriver.startSession(RemoteWebDriver.java:236)
at org.openqa.selenium.remote.RemoteWebDriver.<init>(RemoteWebDriver.java:163)
at org.openqa.selenium.chromium.ChromiumDriver.<init>(ChromiumDriver.java:108)
at org.openqa.selenium.chrome.ChromeDriver.<init>(ChromeDriver.java:88)
at org.openqa.selenium.chrome.ChromeDriver.<init>(ChromeDriver.java:83)
at org.openqa.selenium.chrome.ChromeDriver.<init>(ChromeDriver.java:51)
at com.skillstorm.inventorymanagement.cucumber.ShirtsSteps.setUp(ShirtsSteps.java:21)
at java.base/jdk.internal.reflect.NativeMethodAccessorImpl.invoke0(Native Method)
at java.base/jdk.internal.reflect.NativeMethodAccessorImpl.invoke(NativeMethodAccessorImpl.java:77)
at java.base/jdk.internal.reflect.DelegatingMethodAccessorImpl.invoke(DelegatingMethodAccessorImpl.java:43)
at java.base/java.lang.reflect.Method.invoke(Method.java:568)
at io.cucumber.java.Invoker.doInvoke(Invoker.java:66)
at io.cucumber.java.Invoker.invoke(Invoker.java:24)
at io.cucumber.java.AbstractGlueDefinition.invokeMethod(AbstractGlueDefinition.java:47)
at io.cucumber.java.JavaHookDefinition.execute(JavaHookDefinition.java:64)
at io.cucumber.core.runner.CoreHookDefinition.execute(CoreHookDefinition.java:46)
at io.cucumber.core.runner.HookDefinitionMatch.runStep(HookDefinitionMatch.java:21)
at io.cucumber.core.runner.ExecutionMode$1.execute(ExecutionMode.java:10)
at io.cucumber.core.runner.TestStep.executeStep(TestStep.java:84)
at io.cucumber.core.runner.TestStep.run(TestStep.java:56)
at io.cucumber.core.runner.TestCase.run(TestCase.java:78)
at io.cucumber.core.runner.Runner.runPickle(Runner.java:75)
at io.cucumber.testng.TestNGCucumberRunner.lambda$runScenario$1(TestNGCucumberRunner.java:132)
at io.cucumber.core.runtime.CucumberExecutionContext.lambda$runTestCase$5(CucumberExecutionContext.java:130)
at io.cucumber.core.runtime.RethrowingThrowableCollector.executeAndThrow(RethrowingThrowableCollector.java:23)
at io.cucumber.core.runtime.CucumberExecutionContext.runTestCase(CucumberExecutionContext.java:130)
at io.cucumber.testng.TestNGCucumberRunner.runScenario(TestNGCucumberRunner.java:129)
at io.cucumber.testng.AbstractTestNGCucumberTests.runScenario(AbstractTestNGCucumberTests.java:35)
at java.base/jdk.internal.reflect.NativeMethodAccessorImpl.invoke0(Native Method)
at java.base/jdk.internal.reflect.NativeMethodAccessorImpl.invoke(NativeMethodAccessorImpl.java:77)
at java.base/jdk.internal.reflect.DelegatingMethodAccessorImpl.invoke(DelegatingMethodAccessorImpl.java:43)
at java.base/java.lang.reflect.Method.invoke(Method.java:568)
at org.testng.internal.invokers.MethodInvocationHelper.invokeMethod(MethodInvocationHelper.java:141)
at org.testng.internal.invokers.TestInvoker.invokeMethod(TestInvoker.java:686)
at org.testng.internal.invokers.TestInvoker.invokeTestMethod(TestInvoker.java:230)
at org.testng.internal.invokers.MethodRunner.runInSequence(MethodRunner.java:63)
at org.testng.internal.invokers.TestInvoker$MethodInvocationAgent.invoke(TestInvoker.java:992)
at org.testng.internal.invokers.TestInvoker.invokeTestMethods(TestInvoker.java:203)
at org.testng.internal.invokers.TestMethodWorker.invokeTestMethods(TestMethodWorker.java:154)
at org.testng.internal.invokers.TestMethodWorker.run(TestMethodWorker.java:134)
at java.base/java.util.ArrayList.forEach(ArrayList.java:1511)
at org.testng.TestRunner.privateRun(TestRunner.java:739)
at org.testng.TestRunner.run(TestRunner.java:614)
at org.testng.SuiteRunner.runTest(SuiteRunner.java:421)
at org.testng.SuiteRunner.runSequentially(SuiteRunner.java:413)
at org.testng.SuiteRunner.privateRun(SuiteRunner.java:373)
at org.testng.SuiteRunner.run(SuiteRunner.java:312)
at org.testng.SuiteRunnerWorker.runSuite(SuiteRunnerWorker.java:52)
at org.testng.SuiteRunnerWorker.run(SuiteRunnerWorker.java:95)
at org.testng.TestNG.runSuitesSequentially(TestNG.java:1274)
at org.testng.TestNG.runSuitesLocally(TestNG.java:1208)
at org.testng.TestNG.runSuites(TestNG.java:1112)
at org.testng.TestNG.run(TestNG.java:1079)
at org.apache.maven.surefire.testng.TestNGExecutor.run(TestNGExecutor.java:308)
at org.apache.maven.surefire.testng.TestNGXmlTestSuite.execute(TestNGXmlTestSuite.java:71)
at org.apache.maven.surefire.testng.TestNGProvider.invoke(TestNGProvider.java:113)
at org.apache.maven.surefire.booter.ForkedBooter.runSuitesInProcess(ForkedBooter.java:385)
at org.apache.maven.surefire.booter.ForkedBooter.execute(ForkedBooter.java:162)
at org.apache.maven.surefire.booter.ForkedBooter.run(ForkedBooter.java:507)
at org.apache.maven.surefire.booter.ForkedBooter.main(ForkedBooter.java:495)
]]>
            </full-stacktrace>
          </exception> <!-- org.openqa.selenium.SessionNotCreatedException -->
          <reporter-output>
          </reporter-output>
        </test-method> <!-- runScenario -->
        <test-method signature="runScenario(io.cucumber.testng.PickleWrapper,io.cucumber.testng.FeatureWrapper)[pri:0, instance:com.skillstorm.inventorymanagement.cucumber.RunCucumberTest@1804f60d]" started-at="2024-10-16T13:49:42 EDT" name="runScenario" description="Runs Cucumber Scenarios" data-provider="scenarios" finished-at="2024-10-16T13:49:42 EDT" duration-ms="233" status="FAIL">
          <params>
            <param index="0">
              <value>
                <![CDATA["Add a new warehouse to the system"]]>
              </value>
            </param>
            <param index="1">
              <value>
                <![CDATA["Warehouse Management"]]>
              </value>
            </param>
          </params>
          <exception class="org.openqa.selenium.SessionNotCreatedException">
            <message>
              <![CDATA[Could not start a new session. Possible causes are invalid address of the remote server or browser start-up failure. 
Host info: host: 'KEVPC', ip: '192.168.1.156'
Build info: version: '4.14.1', revision: '03f8ede370'
System info: os.name: 'Windows 11', os.arch: 'amd64', os.version: '10.0', java.version: '17.0.10'
Driver info: org.openqa.selenium.chrome.ChromeDriver
Command: [null, newSession {capabilities=[Capabilities {browserName: chrome, goog:chromeOptions: {args: [], binary: C:\Program Files\Google\Chr..., extensions: []}}]}]]]>
            </message>
            <full-stacktrace>
              <![CDATA[org.openqa.selenium.SessionNotCreatedException: Could not start a new session. Possible causes are invalid address of the remote server or browser start-up failure. 
Host info: host: 'KEVPC', ip: '192.168.1.156'
Build info: version: '4.14.1', revision: '03f8ede370'
System info: os.name: 'Windows 11', os.arch: 'amd64', os.version: '10.0', java.version: '17.0.10'
Driver info: org.openqa.selenium.chrome.ChromeDriver
Command: [null, newSession {capabilities=[Capabilities {browserName: chrome, goog:chromeOptions: {args: [], binary: C:\Program Files\Google\Chr..., extensions: []}}]}]
at org.openqa.selenium.remote.RemoteWebDriver.execute(RemoteWebDriver.java:620)
at org.openqa.selenium.remote.RemoteWebDriver.startSession(RemoteWebDriver.java:236)
at org.openqa.selenium.remote.RemoteWebDriver.<init>(RemoteWebDriver.java:163)
at org.openqa.selenium.chromium.ChromiumDriver.<init>(ChromiumDriver.java:108)
at org.openqa.selenium.chrome.ChromeDriver.<init>(ChromeDriver.java:88)
at org.openqa.selenium.chrome.ChromeDriver.<init>(ChromeDriver.java:83)
at org.openqa.selenium.chrome.ChromeDriver.<init>(ChromeDriver.java:72)
at com.skillstorm.inventorymanagement.cucumber.WarehouseSteps.before(WarehouseSteps.java:23)
Caused by: java.lang.NoSuchMethodError: 'java.util.stream.Collector com.google.common.collect.ImmutableSortedSet.toImmutableSortedSet(java.util.Comparator)'
at org.openqa.selenium.remote.NewSessionPayload.lambda$validate$3(NewSessionPayload.java:171)
at java.base/java.util.stream.ReferencePipeline$15$1.accept(ReferencePipeline.java:540)
at java.base/java.util.stream.ReferencePipeline$3$1.accept(ReferencePipeline.java:197)
at java.base/java.util.stream.ReferencePipeline$15$1.accept(ReferencePipeline.java:541)
at java.base/java.util.ArrayList$ArrayListSpliterator.forEachRemaining(ArrayList.java:1625)
at java.base/java.util.stream.AbstractPipeline.copyInto(AbstractPipeline.java:509)
at java.base/java.util.stream.AbstractPipeline.wrapAndCopyInto(AbstractPipeline.java:499)
at java.base/java.util.stream.ForEachOps$ForEachOp.evaluateSequential(ForEachOps.java:150)
at java.base/java.util.stream.ForEachOps$ForEachOp$OfRef.evaluateSequential(ForEachOps.java:173)
at java.base/java.util.stream.AbstractPipeline.evaluate(AbstractPipeline.java:234)
at java.base/java.util.stream.ReferencePipeline.forEach(ReferencePipeline.java:596)
at org.openqa.selenium.remote.NewSessionPayload.validate(NewSessionPayload.java:188)
at org.openqa.selenium.remote.NewSessionPayload.<init>(NewSessionPayload.java:91)
at org.openqa.selenium.remote.NewSessionPayload.create(NewSessionPayload.java:127)
at org.openqa.selenium.remote.NewSessionPayload.create(NewSessionPayload.java:111)
at org.openqa.selenium.remote.ProtocolHandshake.createSession(ProtocolHandshake.java:67)
at org.openqa.selenium.remote.HttpCommandExecutor.execute(HttpCommandExecutor.java:163)
at org.openqa.selenium.remote.service.DriverCommandExecutor.invokeExecute(DriverCommandExecutor.java:200)
at org.openqa.selenium.remote.service.DriverCommandExecutor.execute(DriverCommandExecutor.java:175)
at org.openqa.selenium.remote.RemoteWebDriver.execute(RemoteWebDriver.java:602)
at org.openqa.selenium.remote.RemoteWebDriver.startSession(RemoteWebDriver.java:236)
at org.openqa.selenium.remote.RemoteWebDriver.<init>(RemoteWebDriver.java:163)
at org.openqa.selenium.chromium.ChromiumDriver.<init>(ChromiumDriver.java:108)
at org.openqa.selenium.chrome.ChromeDriver.<init>(ChromeDriver.java:88)
at org.openqa.selenium.chrome.ChromeDriver.<init>(ChromeDriver.java:83)
at org.openqa.selenium.chrome.ChromeDriver.<init>(ChromeDriver.java:72)
at com.skillstorm.inventorymanagement.cucumber.WarehouseSteps.before(WarehouseSteps.java:23)
at java.base/jdk.internal.reflect.NativeMethodAccessorImpl.invoke0(Native Method)
at java.base/jdk.internal.reflect.NativeMethodAccessorImpl.invoke(NativeMethodAccessorImpl.java:77)
at java.base/jdk.internal.reflect.DelegatingMethodAccessorImpl.invoke(DelegatingMethodAccessorImpl.java:43)
at java.base/java.lang.reflect.Method.invoke(Method.java:568)
at io.cucumber.java.Invoker.doInvoke(Invoker.java:66)
at io.cucumber.java.Invoker.invoke(Invoker.java:24)
at io.cucumber.java.AbstractGlueDefinition.invokeMethod(AbstractGlueDefinition.java:47)
at io.cucumber.java.JavaHookDefinition.execute(JavaHookDefinition.java:64)
at io.cucumber.core.runner.CoreHookDefinition.execute(CoreHookDefinition.java:46)
at io.cucumber.core.runner.HookDefinitionMatch.runStep(HookDefinitionMatch.java:21)
at io.cucumber.core.runner.ExecutionMode$1.execute(ExecutionMode.java:10)
at io.cucumber.core.runner.TestStep.executeStep(TestStep.java:84)
at io.cucumber.core.runner.TestStep.run(TestStep.java:56)
at io.cucumber.core.runner.TestCase.run(TestCase.java:78)
at io.cucumber.core.runner.Runner.runPickle(Runner.java:75)
at io.cucumber.testng.TestNGCucumberRunner.lambda$runScenario$1(TestNGCucumberRunner.java:132)
at io.cucumber.core.runtime.CucumberExecutionContext.lambda$runTestCase$5(CucumberExecutionContext.java:130)
at io.cucumber.core.runtime.RethrowingThrowableCollector.executeAndThrow(RethrowingThrowableCollector.java:23)
at io.cucumber.core.runtime.CucumberExecutionContext.runTestCase(CucumberExecutionContext.java:130)
at io.cucumber.testng.TestNGCucumberRunner.runScenario(TestNGCucumberRunner.java:129)
at io.cucumber.testng.AbstractTestNGCucumberTests.runScenario(AbstractTestNGCucumberTests.java:35)
at java.base/jdk.internal.reflect.NativeMethodAccessorImpl.invoke0(Native Method)
at java.base/jdk.internal.reflect.NativeMethodAccessorImpl.invoke(NativeMethodAccessorImpl.java:77)
at java.base/jdk.internal.reflect.DelegatingMethodAccessorImpl.invoke(DelegatingMethodAccessorImpl.java:43)
at java.base/java.lang.reflect.Method.invoke(Method.java:568)
at org.testng.internal.invokers.MethodInvocationHelper.invokeMethod(MethodInvocationHelper.java:141)
at org.testng.internal.invokers.TestInvoker.invokeMethod(TestInvoker.java:686)
at org.testng.internal.invokers.TestInvoker.invokeTestMethod(TestInvoker.java:230)
at org.testng.internal.invokers.MethodRunner.runInSequence(MethodRunner.java:63)
at org.testng.internal.invokers.TestInvoker$MethodInvocationAgent.invoke(TestInvoker.java:992)
at org.testng.internal.invokers.TestInvoker.invokeTestMethods(TestInvoker.java:203)
at org.testng.internal.invokers.TestMethodWorker.invokeTestMethods(TestMethodWorker.java:154)
at org.testng.internal.invokers.TestMethodWorker.run(TestMethodWorker.java:134)
at java.base/java.util.ArrayList.forEach(ArrayList.java:1511)
at org.testng.TestRunner.privateRun(TestRunner.java:739)
at org.testng.TestRunner.run(TestRunner.java:614)
at org.testng.SuiteRunner.runTest(SuiteRunner.java:421)
at org.testng.SuiteRunner.runSequentially(SuiteRunner.java:413)
at org.testng.SuiteRunner.privateRun(SuiteRunner.java:373)
at org.testng.SuiteRunner.run(SuiteRunner.java:312)
at org.testng.SuiteRunnerWorker.runSuite(SuiteRunnerWorker.java:52)
at org.testng.SuiteRunnerWorker.run(SuiteRunnerWorker.java:95)
at org.testng.TestNG.runSuitesSequentially(TestNG.java:1274)
at org.testng.TestNG.runSuitesLocally(TestNG.java:1208)
at org.testng.TestNG.runSuites(TestNG.java:1112)
at org.testng.TestNG.run(TestNG.java:1079)
at org.apache.maven.surefire.testng.TestNGExecutor.run(TestNGExecutor.java:308)
at org.apache.maven.surefire.testng.TestNGXmlTestSuite.execute(TestNGXmlTestSuite.java:71)
at org.apache.maven.surefire.testng.TestNGProvider.invoke(TestNGProvider.java:113)
at org.apache.maven.surefire.booter.ForkedBooter.runSuitesInProcess(ForkedBooter.java:385)
at org.apache.maven.surefire.booter.ForkedBooter.execute(ForkedBooter.java:162)
at org.apache.maven.surefire.booter.ForkedBooter.run(ForkedBooter.java:507)
at org.apache.maven.surefire.booter.ForkedBooter.main(ForkedBooter.java:495)
]]>
            </full-stacktrace>
          </exception> <!-- org.openqa.selenium.SessionNotCreatedException -->
          <reporter-output>
          </reporter-output>
        </test-method> <!-- runScenario -->
        <test-method is-config="true" signature="tearDownClass()[pri:0, instance:com.skillstorm.inventorymanagement.cucumber.RunCucumberTest@1804f60d]" started-at="2024-10-16T13:49:42 EDT" name="tearDownClass" finished-at="2024-10-16T13:49:42 EDT" duration-ms="15" status="PASS">
          <reporter-output>
          </reporter-output>
        </test-method> <!-- tearDownClass -->
      </class> <!-- com.skillstorm.inventorymanagement.cucumber.RunCucumberTest -->
      <class name="com.skillstorm.inventorymanagement.controllers.ShirtControllerTest">
        <test-method is-config="true" signature="setUp()[pri:0, instance:com.skillstorm.inventorymanagement.controllers.ShirtControllerTest@68ed96ca]" started-at="2024-10-16T13:49:43 EDT" name="setUp" finished-at="2024-10-16T13:49:43 EDT" duration-ms="16" status="PASS">
          <reporter-output>
          </reporter-output>
        </test-method> <!-- setUp -->
        <test-method signature="testAddShirt()[pri:0, instance:com.skillstorm.inventorymanagement.controllers.ShirtControllerTest@68ed96ca]" started-at="2024-10-16T13:49:43 EDT" name="testAddShirt" finished-at="2024-10-16T13:49:43 EDT" duration-ms="3" status="PASS">
          <reporter-output>
          </reporter-output>
        </test-method> <!-- testAddShirt -->
        <test-method is-config="true" signature="tearDown()[pri:0, instance:com.skillstorm.inventorymanagement.controllers.ShirtControllerTest@68ed96ca]" started-at="2024-10-16T13:49:43 EDT" name="tearDown" finished-at="2024-10-16T13:49:43 EDT" duration-ms="1" status="PASS">
          <reporter-output>
          </reporter-output>
        </test-method> <!-- tearDown -->
        <test-method signature="testCreateShirt()[pri:0, instance:com.skillstorm.inventorymanagement.controllers.ShirtControllerTest@68ed96ca]" started-at="2024-10-16T13:49:43 EDT" name="testCreateShirt" finished-at="2024-10-16T13:49:43 EDT" duration-ms="1" status="PASS">
          <reporter-output>
          </reporter-output>
        </test-method> <!-- testCreateShirt -->
        <test-method is-config="true" signature="setUp()[pri:0, instance:com.skillstorm.inventorymanagement.controllers.ShirtControllerTest@68ed96ca]" started-at="2024-10-16T13:49:43 EDT" name="setUp" finished-at="2024-10-16T13:49:43 EDT" duration-ms="0" status="PASS">
          <reporter-output>
          </reporter-output>
        </test-method> <!-- setUp -->
        <test-method is-config="true" signature="tearDown()[pri:0, instance:com.skillstorm.inventorymanagement.controllers.ShirtControllerTest@68ed96ca]" started-at="2024-10-16T13:49:43 EDT" name="tearDown" finished-at="2024-10-16T13:49:43 EDT" duration-ms="0" status="PASS">
          <reporter-output>
          </reporter-output>
        </test-method> <!-- tearDown -->
        <test-method is-config="true" signature="setUp()[pri:0, instance:com.skillstorm.inventorymanagement.controllers.ShirtControllerTest@68ed96ca]" started-at="2024-10-16T13:49:43 EDT" name="setUp" finished-at="2024-10-16T13:49:43 EDT" duration-ms="1" status="PASS">
          <reporter-output>
          </reporter-output>
        </test-method> <!-- setUp -->
        <test-method signature="testDeleteShirt()[pri:0, instance:com.skillstorm.inventorymanagement.controllers.ShirtControllerTest@68ed96ca]" started-at="2024-10-16T13:49:43 EDT" name="testDeleteShirt" finished-at="2024-10-16T13:49:43 EDT" duration-ms="0" status="PASS">
          <reporter-output>
          </reporter-output>
        </test-method> <!-- testDeleteShirt -->
        <test-method is-config="true" signature="tearDown()[pri:0, instance:com.skillstorm.inventorymanagement.controllers.ShirtControllerTest@68ed96ca]" started-at="2024-10-16T13:49:43 EDT" name="tearDown" finished-at="2024-10-16T13:49:43 EDT" duration-ms="0" status="PASS">
          <reporter-output>
          </reporter-output>
        </test-method> <!-- tearDown -->
        <test-method signature="testFindAllShirts()[pri:0, instance:com.skillstorm.inventorymanagement.controllers.ShirtControllerTest@68ed96ca]" started-at="2024-10-16T13:49:43 EDT" name="testFindAllShirts" finished-at="2024-10-16T13:49:43 EDT" duration-ms="0" status="PASS">
          <reporter-output>
          </reporter-output>
        </test-method> <!-- testFindAllShirts -->
        <test-method is-config="true" signature="setUp()[pri:0, instance:com.skillstorm.inventorymanagement.controllers.ShirtControllerTest@68ed96ca]" started-at="2024-10-16T13:49:43 EDT" name="setUp" finished-at="2024-10-16T13:49:43 EDT" duration-ms="0" status="PASS">
          <reporter-output>
          </reporter-output>
        </test-method> <!-- setUp -->
        <test-method signature="testUpdateShirt()[pri:0, instance:com.skillstorm.inventorymanagement.controllers.ShirtControllerTest@68ed96ca]" started-at="2024-10-16T13:49:43 EDT" name="testUpdateShirt" finished-at="2024-10-16T13:49:43 EDT" duration-ms="1" status="PASS">
          <reporter-output>
          </reporter-output>
        </test-method> <!-- testUpdateShirt -->
        <test-method is-config="true" signature="setUp()[pri:0, instance:com.skillstorm.inventorymanagement.controllers.ShirtControllerTest@68ed96ca]" started-at="2024-10-16T13:49:43 EDT" name="setUp" finished-at="2024-10-16T13:49:43 EDT" duration-ms="0" status="PASS">
          <reporter-output>
          </reporter-output>
        </test-method> <!-- setUp -->
        <test-method is-config="true" signature="tearDown()[pri:0, instance:com.skillstorm.inventorymanagement.controllers.ShirtControllerTest@68ed96ca]" started-at="2024-10-16T13:49:43 EDT" name="tearDown" finished-at="2024-10-16T13:49:43 EDT" duration-ms="0" status="PASS">
          <reporter-output>
          </reporter-output>
        </test-method> <!-- tearDown -->
        <test-method is-config="true" signature="tearDown()[pri:0, instance:com.skillstorm.inventorymanagement.controllers.ShirtControllerTest@68ed96ca]" started-at="2024-10-16T13:49:43 EDT" name="tearDown" finished-at="2024-10-16T13:49:43 EDT" duration-ms="0" status="PASS">
          <reporter-output>
          </reporter-output>
        </test-method> <!-- tearDown -->
      </class> <!-- com.skillstorm.inventorymanagement.controllers.ShirtControllerTest -->
      <class name="com.skillstorm.inventorymanagement.services.ShirtServiceTest">
        <test-method is-config="true" signature="setUp()[pri:0, instance:com.skillstorm.inventorymanagement.services.ShirtServiceTest@436390f4]" started-at="2024-10-16T13:49:43 EDT" name="setUp" finished-at="2024-10-16T13:49:43 EDT" duration-ms="33" status="PASS">
          <reporter-output>
          </reporter-output>
        </test-method> <!-- setUp -->
        <test-method signature="testAddShirtWithExistingWarehouse()[pri:0, instance:com.skillstorm.inventorymanagement.services.ShirtServiceTest@436390f4]" started-at="2024-10-16T13:49:43 EDT" name="testAddShirtWithExistingWarehouse" finished-at="2024-10-16T13:49:43 EDT" duration-ms="1" status="PASS">
          <reporter-output>
          </reporter-output>
        </test-method> <!-- testAddShirtWithExistingWarehouse -->
        <test-method is-config="true" signature="teardown()[pri:0, instance:com.skillstorm.inventorymanagement.services.ShirtServiceTest@436390f4]" started-at="2024-10-16T13:49:43 EDT" name="teardown" finished-at="2024-10-16T13:49:43 EDT" duration-ms="1" status="PASS">
          <reporter-output>
          </reporter-output>
        </test-method> <!-- teardown -->
        <test-method is-config="true" signature="setUp()[pri:0, instance:com.skillstorm.inventorymanagement.services.ShirtServiceTest@436390f4]" started-at="2024-10-16T13:49:43 EDT" name="setUp" finished-at="2024-10-16T13:49:43 EDT" duration-ms="2" status="PASS">
          <reporter-output>
          </reporter-output>
        </test-method> <!-- setUp -->
        <test-method signature="testAddShirtWithNewWarehouse()[pri:0, instance:com.skillstorm.inventorymanagement.services.ShirtServiceTest@436390f4]" started-at="2024-10-16T13:49:43 EDT" name="testAddShirtWithNewWarehouse" finished-at="2024-10-16T13:49:43 EDT" duration-ms="0" status="PASS">
          <reporter-output>
          </reporter-output>
        </test-method> <!-- testAddShirtWithNewWarehouse -->
        <test-method is-config="true" signature="teardown()[pri:0, instance:com.skillstorm.inventorymanagement.services.ShirtServiceTest@436390f4]" started-at="2024-10-16T13:49:43 EDT" name="teardown" finished-at="2024-10-16T13:49:43 EDT" duration-ms="0" status="PASS">
          <reporter-output>
          </reporter-output>
        </test-method> <!-- teardown -->
        <test-method is-config="true" signature="setUp()[pri:0, instance:com.skillstorm.inventorymanagement.services.ShirtServiceTest@436390f4]" started-at="2024-10-16T13:49:43 EDT" name="setUp" finished-at="2024-10-16T13:49:43 EDT" duration-ms="3" status="PASS">
          <reporter-output>
          </reporter-output>
        </test-method> <!-- setUp -->
        <test-method signature="testDeleteShirt()[pri:0, instance:com.skillstorm.inventorymanagement.services.ShirtServiceTest@436390f4]" started-at="2024-10-16T13:49:43 EDT" name="testDeleteShirt" finished-at="2024-10-16T13:49:43 EDT" duration-ms="0" status="PASS">
          <reporter-output>
          </reporter-output>
        </test-method> <!-- testDeleteShirt -->
        <test-method is-config="true" signature="teardown()[pri:0, instance:com.skillstorm.inventorymanagement.services.ShirtServiceTest@436390f4]" started-at="2024-10-16T13:49:43 EDT" name="teardown" finished-at="2024-10-16T13:49:43 EDT" duration-ms="0" status="PASS">
          <reporter-output>
          </reporter-output>
        </test-method> <!-- teardown -->
        <test-method is-config="true" signature="setUp()[pri:0, instance:com.skillstorm.inventorymanagement.services.ShirtServiceTest@436390f4]" started-at="2024-10-16T13:49:43 EDT" name="setUp" finished-at="2024-10-16T13:49:43 EDT" duration-ms="1" status="PASS">
          <reporter-output>
          </reporter-output>
        </test-method> <!-- setUp -->
        <test-method signature="testFindAllShirts()[pri:0, instance:com.skillstorm.inventorymanagement.services.ShirtServiceTest@436390f4]" started-at="2024-10-16T13:49:43 EDT" name="testFindAllShirts" finished-at="2024-10-16T13:49:43 EDT" duration-ms="0" status="PASS">
          <reporter-output>
          </reporter-output>
        </test-method> <!-- testFindAllShirts -->
        <test-method is-config="true" signature="setUp()[pri:0, instance:com.skillstorm.inventorymanagement.services.ShirtServiceTest@436390f4]" started-at="2024-10-16T13:49:43 EDT" name="setUp" finished-at="2024-10-16T13:49:43 EDT" duration-ms="1" status="PASS">
          <reporter-output>
          </reporter-output>
        </test-method> <!-- setUp -->
        <test-method is-config="true" signature="teardown()[pri:0, instance:com.skillstorm.inventorymanagement.services.ShirtServiceTest@436390f4]" started-at="2024-10-16T13:49:43 EDT" name="teardown" finished-at="2024-10-16T13:49:43 EDT" duration-ms="0" status="PASS">
          <reporter-output>
          </reporter-output>
        </test-method> <!-- teardown -->
        <test-method signature="testSaveShirtWithExistingWarehouse()[pri:0, instance:com.skillstorm.inventorymanagement.services.ShirtServiceTest@436390f4]" started-at="2024-10-16T13:49:43 EDT" name="testSaveShirtWithExistingWarehouse" finished-at="2024-10-16T13:49:43 EDT" duration-ms="1" status="PASS">
          <reporter-output>
          </reporter-output>
        </test-method> <!-- testSaveShirtWithExistingWarehouse -->
        <test-method is-config="true" signature="teardown()[pri:0, instance:com.skillstorm.inventorymanagement.services.ShirtServiceTest@436390f4]" started-at="2024-10-16T13:49:43 EDT" name="teardown" finished-at="2024-10-16T13:49:43 EDT" duration-ms="0" status="PASS">
          <reporter-output>
          </reporter-output>
        </test-method> <!-- teardown -->
        <test-method is-config="true" signature="setUp()[pri:0, instance:com.skillstorm.inventorymanagement.services.ShirtServiceTest@436390f4]" started-at="2024-10-16T13:49:43 EDT" name="setUp" finished-at="2024-10-16T13:49:43 EDT" duration-ms="1" status="PASS">
          <reporter-output>
          </reporter-output>
        </test-method> <!-- setUp -->
        <test-method signature="testSaveShirtWithNewWarehouse()[pri:0, instance:com.skillstorm.inventorymanagement.services.ShirtServiceTest@436390f4]" started-at="2024-10-16T13:49:43 EDT" name="testSaveShirtWithNewWarehouse" finished-at="2024-10-16T13:49:43 EDT" duration-ms="1" status="PASS">
          <reporter-output>
          </reporter-output>
        </test-method> <!-- testSaveShirtWithNewWarehouse -->
        <test-method is-config="true" signature="setUp()[pri:0, instance:com.skillstorm.inventorymanagement.services.ShirtServiceTest@436390f4]" started-at="2024-10-16T13:49:43 EDT" name="setUp" finished-at="2024-10-16T13:49:43 EDT" duration-ms="2" status="PASS">
          <reporter-output>
          </reporter-output>
        </test-method> <!-- setUp -->
        <test-method is-config="true" signature="teardown()[pri:0, instance:com.skillstorm.inventorymanagement.services.ShirtServiceTest@436390f4]" started-at="2024-10-16T13:49:43 EDT" name="teardown" finished-at="2024-10-16T13:49:43 EDT" duration-ms="0" status="PASS">
          <reporter-output>
          </reporter-output>
        </test-method> <!-- teardown -->
        <test-method signature="testUpdateShirtsWarehouse()[pri:0, instance:com.skillstorm.inventorymanagement.services.ShirtServiceTest@436390f4]" started-at="2024-10-16T13:49:43 EDT" name="testUpdateShirtsWarehouse" finished-at="2024-10-16T13:49:43 EDT" duration-ms="0" status="PASS">
          <reporter-output>
          </reporter-output>
        </test-method> <!-- testUpdateShirtsWarehouse -->
        <test-method is-config="true" signature="teardown()[pri:0, instance:com.skillstorm.inventorymanagement.services.ShirtServiceTest@436390f4]" started-at="2024-10-16T13:49:43 EDT" name="teardown" finished-at="2024-10-16T13:49:43 EDT" duration-ms="0" status="PASS">
          <reporter-output>
          </reporter-output>
        </test-method> <!-- teardown -->
      </class> <!-- com.skillstorm.inventorymanagement.services.ShirtServiceTest -->
      <class name="com.skillstorm.inventorymanagement.models.ShirtTest">
        <test-method is-config="true" signature="setUp()[pri:0, instance:com.skillstorm.inventorymanagement.models.ShirtTest@58dea0a5]" started-at="2024-10-16T13:49:42 EDT" name="setUp" finished-at="2024-10-16T13:49:42 EDT" duration-ms="2" status="PASS">
          <reporter-output>
          </reporter-output>
        </test-method> <!-- setUp -->
        <test-method signature="testAnimal()[pri:0, instance:com.skillstorm.inventorymanagement.models.ShirtTest@58dea0a5]" started-at="2024-10-16T13:49:42 EDT" name="testAnimal" finished-at="2024-10-16T13:49:42 EDT" duration-ms="2" status="PASS">
          <reporter-output>
          </reporter-output>
        </test-method> <!-- testAnimal -->
        <test-method signature="testDefaultConstructor()[pri:0, instance:com.skillstorm.inventorymanagement.models.ShirtTest@58dea0a5]" started-at="2024-10-16T13:49:42 EDT" name="testDefaultConstructor" finished-at="2024-10-16T13:49:42 EDT" duration-ms="0" status="PASS">
          <reporter-output>
          </reporter-output>
        </test-method> <!-- testDefaultConstructor -->
        <test-method is-config="true" signature="setUp()[pri:0, instance:com.skillstorm.inventorymanagement.models.ShirtTest@58dea0a5]" started-at="2024-10-16T13:49:42 EDT" name="setUp" finished-at="2024-10-16T13:49:42 EDT" duration-ms="1" status="PASS">
          <reporter-output>
          </reporter-output>
        </test-method> <!-- setUp -->
        <test-method is-config="true" signature="setUp()[pri:0, instance:com.skillstorm.inventorymanagement.models.ShirtTest@58dea0a5]" started-at="2024-10-16T13:49:42 EDT" name="setUp" finished-at="2024-10-16T13:49:42 EDT" duration-ms="0" status="PASS">
          <reporter-output>
          </reporter-output>
        </test-method> <!-- setUp -->
        <test-method signature="testEqualsDifferentClass()[pri:0, instance:com.skillstorm.inventorymanagement.models.ShirtTest@58dea0a5]" started-at="2024-10-16T13:49:42 EDT" name="testEqualsDifferentClass" finished-at="2024-10-16T13:49:42 EDT" duration-ms="0" status="PASS">
          <reporter-output>
          </reporter-output>
        </test-method> <!-- testEqualsDifferentClass -->
        <test-method signature="testEqualsDifferentAnimal()[pri:0, instance:com.skillstorm.inventorymanagement.models.ShirtTest@58dea0a5]" started-at="2024-10-16T13:49:42 EDT" name="testEqualsDifferentAnimal" finished-at="2024-10-16T13:49:42 EDT" duration-ms="0" status="PASS">
          <reporter-output>
          </reporter-output>
        </test-method> <!-- testEqualsDifferentAnimal -->
        <test-method is-config="true" signature="setUp()[pri:0, instance:com.skillstorm.inventorymanagement.models.ShirtTest@58dea0a5]" started-at="2024-10-16T13:49:42 EDT" name="setUp" finished-at="2024-10-16T13:49:42 EDT" duration-ms="0" status="PASS">
          <reporter-output>
          </reporter-output>
        </test-method> <!-- setUp -->
        <test-method signature="testEqualsDifferentId()[pri:0, instance:com.skillstorm.inventorymanagement.models.ShirtTest@58dea0a5]" started-at="2024-10-16T13:49:42 EDT" name="testEqualsDifferentId" finished-at="2024-10-16T13:49:42 EDT" duration-ms="0" status="PASS">
          <reporter-output>
          </reporter-output>
        </test-method> <!-- testEqualsDifferentId -->
        <test-method signature="testEqualsDifferentSize()[pri:0, instance:com.skillstorm.inventorymanagement.models.ShirtTest@58dea0a5]" started-at="2024-10-16T13:49:42 EDT" name="testEqualsDifferentSize" finished-at="2024-10-16T13:49:42 EDT" duration-ms="1" status="PASS">
          <reporter-output>
          </reporter-output>
        </test-method> <!-- testEqualsDifferentSize -->
        <test-method is-config="true" signature="setUp()[pri:0, instance:com.skillstorm.inventorymanagement.models.ShirtTest@58dea0a5]" started-at="2024-10-16T13:49:42 EDT" name="setUp" finished-at="2024-10-16T13:49:42 EDT" duration-ms="0" status="PASS">
          <reporter-output>
          </reporter-output>
        </test-method> <!-- setUp -->
        <test-method is-config="true" signature="setUp()[pri:0, instance:com.skillstorm.inventorymanagement.models.ShirtTest@58dea0a5]" started-at="2024-10-16T13:49:42 EDT" name="setUp" finished-at="2024-10-16T13:49:42 EDT" duration-ms="0" status="PASS">
          <reporter-output>
          </reporter-output>
        </test-method> <!-- setUp -->
        <test-method signature="testEqualsDifferentWarehouse()[pri:0, instance:com.skillstorm.inventorymanagement.models.ShirtTest@58dea0a5]" started-at="2024-10-16T13:49:42 EDT" name="testEqualsDifferentWarehouse" finished-at="2024-10-16T13:49:42 EDT" duration-ms="0" status="PASS">
          <reporter-output>
          </reporter-output>
        </test-method> <!-- testEqualsDifferentWarehouse -->
        <test-method is-config="true" signature="setUp()[pri:0, instance:com.skillstorm.inventorymanagement.models.ShirtTest@58dea0a5]" started-at="2024-10-16T13:49:42 EDT" name="setUp" finished-at="2024-10-16T13:49:42 EDT" duration-ms="1" status="PASS">
          <reporter-output>
          </reporter-output>
        </test-method> <!-- setUp -->
        <test-method is-config="true" signature="setUp()[pri:0, instance:com.skillstorm.inventorymanagement.models.ShirtTest@58dea0a5]" started-at="2024-10-16T13:49:42 EDT" name="setUp" finished-at="2024-10-16T13:49:42 EDT" duration-ms="0" status="PASS">
          <reporter-output>
          </reporter-output>
        </test-method> <!-- setUp -->
        <test-method signature="testEqualsNullObject()[pri:0, instance:com.skillstorm.inventorymanagement.models.ShirtTest@58dea0a5]" started-at="2024-10-16T13:49:42 EDT" name="testEqualsNullObject" finished-at="2024-10-16T13:49:42 EDT" duration-ms="0" status="PASS">
          <reporter-output>
          </reporter-output>
        </test-method> <!-- testEqualsNullObject -->
        <test-method signature="testEqualsSameObject()[pri:0, instance:com.skillstorm.inventorymanagement.models.ShirtTest@58dea0a5]" started-at="2024-10-16T13:49:42 EDT" name="testEqualsSameObject" finished-at="2024-10-16T13:49:42 EDT" duration-ms="0" status="PASS">
          <reporter-output>
          </reporter-output>
        </test-method> <!-- testEqualsSameObject -->
        <test-method is-config="true" signature="setUp()[pri:0, instance:com.skillstorm.inventorymanagement.models.ShirtTest@58dea0a5]" started-at="2024-10-16T13:49:42 EDT" name="setUp" finished-at="2024-10-16T13:49:42 EDT" duration-ms="0" status="PASS">
          <reporter-output>
          </reporter-output>
        </test-method> <!-- setUp -->
        <test-method signature="testEqualsSameValues()[pri:0, instance:com.skillstorm.inventorymanagement.models.ShirtTest@58dea0a5]" started-at="2024-10-16T13:49:42 EDT" name="testEqualsSameValues" finished-at="2024-10-16T13:49:42 EDT" duration-ms="0" status="PASS">
          <reporter-output>
          </reporter-output>
        </test-method> <!-- testEqualsSameValues -->
        <test-method signature="testEqualsWithNullAndDifferentClass()[pri:0, instance:com.skillstorm.inventorymanagement.models.ShirtTest@58dea0a5]" started-at="2024-10-16T13:49:42 EDT" name="testEqualsWithNullAndDifferentClass" finished-at="2024-10-16T13:49:42 EDT" duration-ms="1" status="PASS">
          <reporter-output>
          </reporter-output>
        </test-method> <!-- testEqualsWithNullAndDifferentClass -->
        <test-method is-config="true" signature="setUp()[pri:0, instance:com.skillstorm.inventorymanagement.models.ShirtTest@58dea0a5]" started-at="2024-10-16T13:49:42 EDT" name="setUp" finished-at="2024-10-16T13:49:42 EDT" duration-ms="0" status="PASS">
          <reporter-output>
          </reporter-output>
        </test-method> <!-- setUp -->
        <test-method is-config="true" signature="setUp()[pri:0, instance:com.skillstorm.inventorymanagement.models.ShirtTest@58dea0a5]" started-at="2024-10-16T13:49:42 EDT" name="setUp" finished-at="2024-10-16T13:49:42 EDT" duration-ms="0" status="PASS">
          <reporter-output>
          </reporter-output>
        </test-method> <!-- setUp -->
        <test-method signature="testEqualsWithSelf()[pri:0, instance:com.skillstorm.inventorymanagement.models.ShirtTest@58dea0a5]" started-at="2024-10-16T13:49:42 EDT" name="testEqualsWithSelf" finished-at="2024-10-16T13:49:42 EDT" duration-ms="1" status="PASS">
          <reporter-output>
          </reporter-output>
        </test-method> <!-- testEqualsWithSelf -->
        <test-method is-config="true" signature="setUp()[pri:0, instance:com.skillstorm.inventorymanagement.models.ShirtTest@58dea0a5]" started-at="2024-10-16T13:49:42 EDT" name="setUp" finished-at="2024-10-16T13:49:42 EDT" duration-ms="0" status="PASS">
          <reporter-output>
          </reporter-output>
        </test-method> <!-- setUp -->
        <test-method signature="testHashCodeWithNullValues()[pri:0, instance:com.skillstorm.inventorymanagement.models.ShirtTest@58dea0a5]" started-at="2024-10-16T13:49:42 EDT" name="testHashCodeWithNullValues" finished-at="2024-10-16T13:49:42 EDT" duration-ms="0" status="PASS">
          <reporter-output>
          </reporter-output>
        </test-method> <!-- testHashCodeWithNullValues -->
        <test-method signature="testHashCode()[pri:0, instance:com.skillstorm.inventorymanagement.models.ShirtTest@58dea0a5]" started-at="2024-10-16T13:49:42 EDT" name="testHashCode" finished-at="2024-10-16T13:49:42 EDT" duration-ms="0" status="PASS">
          <reporter-output>
          </reporter-output>
        </test-method> <!-- testHashCode -->
        <test-method is-config="true" signature="setUp()[pri:0, instance:com.skillstorm.inventorymanagement.models.ShirtTest@58dea0a5]" started-at="2024-10-16T13:49:42 EDT" name="setUp" finished-at="2024-10-16T13:49:42 EDT" duration-ms="0" status="PASS">
          <reporter-output>
          </reporter-output>
        </test-method> <!-- setUp -->
        <test-method is-config="true" signature="setUp()[pri:0, instance:com.skillstorm.inventorymanagement.models.ShirtTest@58dea0a5]" started-at="2024-10-16T13:49:42 EDT" name="setUp" finished-at="2024-10-16T13:49:42 EDT" duration-ms="0" status="PASS">
          <reporter-output>
          </reporter-output>
        </test-method> <!-- setUp -->
        <test-method signature="testSize()[pri:0, instance:com.skillstorm.inventorymanagement.models.ShirtTest@58dea0a5]" started-at="2024-10-16T13:49:42 EDT" name="testSize" finished-at="2024-10-16T13:49:42 EDT" duration-ms="1" status="PASS">
          <reporter-output>
          </reporter-output>
        </test-method> <!-- testSize -->
        <test-method signature="testId()[pri:0, instance:com.skillstorm.inventorymanagement.models.ShirtTest@58dea0a5]" started-at="2024-10-16T13:49:42 EDT" name="testId" finished-at="2024-10-16T13:49:42 EDT" duration-ms="0" status="PASS">
          <reporter-output>
          </reporter-output>
        </test-method> <!-- testId -->
        <test-method is-config="true" signature="setUp()[pri:0, instance:com.skillstorm.inventorymanagement.models.ShirtTest@58dea0a5]" started-at="2024-10-16T13:49:42 EDT" name="setUp" finished-at="2024-10-16T13:49:42 EDT" duration-ms="0" status="PASS">
          <reporter-output>
          </reporter-output>
        </test-method> <!-- setUp -->
        <test-method is-config="true" signature="setUp()[pri:0, instance:com.skillstorm.inventorymanagement.models.ShirtTest@58dea0a5]" started-at="2024-10-16T13:49:42 EDT" name="setUp" finished-at="2024-10-16T13:49:42 EDT" duration-ms="0" status="PASS">
          <reporter-output>
          </reporter-output>
        </test-method> <!-- setUp -->
        <test-method signature="testToString()[pri:0, instance:com.skillstorm.inventorymanagement.models.ShirtTest@58dea0a5]" started-at="2024-10-16T13:49:42 EDT" name="testToString" finished-at="2024-10-16T13:49:42 EDT" duration-ms="5" status="PASS">
          <reporter-output>
          </reporter-output>
        </test-method> <!-- testToString -->
        <test-method is-config="true" signature="setUp()[pri:0, instance:com.skillstorm.inventorymanagement.models.ShirtTest@58dea0a5]" started-at="2024-10-16T13:49:42 EDT" name="setUp" finished-at="2024-10-16T13:49:42 EDT" duration-ms="0" status="PASS">
          <reporter-output>
          </reporter-output>
        </test-method> <!-- setUp -->
        <test-method signature="testWarehouse()[pri:0, instance:com.skillstorm.inventorymanagement.models.ShirtTest@58dea0a5]" started-at="2024-10-16T13:49:42 EDT" name="testWarehouse" finished-at="2024-10-16T13:49:42 EDT" duration-ms="1" status="PASS">
          <reporter-output>
          </reporter-output>
        </test-method> <!-- testWarehouse -->
        <test-method is-config="true" signature="setUp()[pri:0, instance:com.skillstorm.inventorymanagement.models.ShirtTest@58dea0a5]" started-at="2024-10-16T13:49:42 EDT" name="setUp" finished-at="2024-10-16T13:49:42 EDT" duration-ms="0" status="PASS">
          <reporter-output>
          </reporter-output>
        </test-method> <!-- setUp -->
      </class> <!-- com.skillstorm.inventorymanagement.models.ShirtTest -->
      <class name="com.skillstorm.inventorymanagement.controllers.WarehouseControllerTest">
        <test-method is-config="true" signature="setUp()[pri:0, instance:com.skillstorm.inventorymanagement.controllers.WarehouseControllerTest@4d157787]" started-at="2024-10-16T13:49:43 EDT" name="setUp" finished-at="2024-10-16T13:49:43 EDT" duration-ms="10" status="PASS">
          <reporter-output>
          </reporter-output>
        </test-method> <!-- setUp -->
        <test-method signature="testCreateWarehouse()[pri:0, instance:com.skillstorm.inventorymanagement.controllers.WarehouseControllerTest@4d157787]" started-at="2024-10-16T13:49:43 EDT" name="testCreateWarehouse" finished-at="2024-10-16T13:49:43 EDT" duration-ms="40" status="PASS">
          <reporter-output>
          </reporter-output>
        </test-method> <!-- testCreateWarehouse -->
        <test-method is-config="true" signature="tearDown()[pri:0, instance:com.skillstorm.inventorymanagement.controllers.WarehouseControllerTest@4d157787]" started-at="2024-10-16T13:49:43 EDT" name="tearDown" finished-at="2024-10-16T13:49:43 EDT" duration-ms="0" status="PASS">
          <reporter-output>
          </reporter-output>
        </test-method> <!-- tearDown -->
        <test-method signature="testDeleteWarehouseFailure()[pri:0, instance:com.skillstorm.inventorymanagement.controllers.WarehouseControllerTest@4d157787]" started-at="2024-10-16T13:49:43 EDT" name="testDeleteWarehouseFailure" finished-at="2024-10-16T13:49:43 EDT" duration-ms="4" status="PASS">
          <reporter-output>
          </reporter-output>
        </test-method> <!-- testDeleteWarehouseFailure -->
        <test-method is-config="true" signature="setUp()[pri:0, instance:com.skillstorm.inventorymanagement.controllers.WarehouseControllerTest@4d157787]" started-at="2024-10-16T13:49:43 EDT" name="setUp" finished-at="2024-10-16T13:49:43 EDT" duration-ms="0" status="PASS">
          <reporter-output>
          </reporter-output>
        </test-method> <!-- setUp -->
        <test-method is-config="true" signature="tearDown()[pri:0, instance:com.skillstorm.inventorymanagement.controllers.WarehouseControllerTest@4d157787]" started-at="2024-10-16T13:49:43 EDT" name="tearDown" finished-at="2024-10-16T13:49:43 EDT" duration-ms="0" status="PASS">
          <reporter-output>
          </reporter-output>
        </test-method> <!-- tearDown -->
        <test-method is-config="true" signature="setUp()[pri:0, instance:com.skillstorm.inventorymanagement.controllers.WarehouseControllerTest@4d157787]" started-at="2024-10-16T13:49:43 EDT" name="setUp" finished-at="2024-10-16T13:49:43 EDT" duration-ms="1" status="PASS">
          <reporter-output>
          </reporter-output>
        </test-method> <!-- setUp -->
        <test-method signature="testDeleteWarehouseSuccess()[pri:0, instance:com.skillstorm.inventorymanagement.controllers.WarehouseControllerTest@4d157787]" started-at="2024-10-16T13:49:43 EDT" name="testDeleteWarehouseSuccess" finished-at="2024-10-16T13:49:43 EDT" duration-ms="1" status="PASS">
          <reporter-output>
          </reporter-output>
        </test-method> <!-- testDeleteWarehouseSuccess -->
        <test-method is-config="true" signature="tearDown()[pri:0, instance:com.skillstorm.inventorymanagement.controllers.WarehouseControllerTest@4d157787]" started-at="2024-10-16T13:49:43 EDT" name="tearDown" finished-at="2024-10-16T13:49:43 EDT" duration-ms="1" status="PASS">
          <reporter-output>
          </reporter-output>
        </test-method> <!-- tearDown -->
        <test-method is-config="true" signature="setUp()[pri:0, instance:com.skillstorm.inventorymanagement.controllers.WarehouseControllerTest@4d157787]" started-at="2024-10-16T13:49:43 EDT" name="setUp" finished-at="2024-10-16T13:49:43 EDT" duration-ms="1" status="PASS">
          <reporter-output>
          </reporter-output>
        </test-method> <!-- setUp -->
        <test-method signature="testFindAllWarehouses()[pri:0, instance:com.skillstorm.inventorymanagement.controllers.WarehouseControllerTest@4d157787]" started-at="2024-10-16T13:49:43 EDT" name="testFindAllWarehouses" finished-at="2024-10-16T13:49:43 EDT" duration-ms="1" status="PASS">
          <reporter-output>
          </reporter-output>
        </test-method> <!-- testFindAllWarehouses -->
        <test-method is-config="true" signature="tearDown()[pri:0, instance:com.skillstorm.inventorymanagement.controllers.WarehouseControllerTest@4d157787]" started-at="2024-10-16T13:49:43 EDT" name="tearDown" finished-at="2024-10-16T13:49:43 EDT" duration-ms="0" status="PASS">
          <reporter-output>
          </reporter-output>
        </test-method> <!-- tearDown -->
        <test-method is-config="true" signature="setUp()[pri:0, instance:com.skillstorm.inventorymanagement.controllers.WarehouseControllerTest@4d157787]" started-at="2024-10-16T13:49:43 EDT" name="setUp" finished-at="2024-10-16T13:49:43 EDT" duration-ms="1" status="PASS">
          <reporter-output>
          </reporter-output>
        </test-method> <!-- setUp -->
        <test-method signature="testUpdateWarehouse()[pri:0, instance:com.skillstorm.inventorymanagement.controllers.WarehouseControllerTest@4d157787]" started-at="2024-10-16T13:49:43 EDT" name="testUpdateWarehouse" finished-at="2024-10-16T13:49:43 EDT" duration-ms="1" status="PASS">
          <reporter-output>
          </reporter-output>
        </test-method> <!-- testUpdateWarehouse -->
        <test-method is-config="true" signature="tearDown()[pri:0, instance:com.skillstorm.inventorymanagement.controllers.WarehouseControllerTest@4d157787]" started-at="2024-10-16T13:49:43 EDT" name="tearDown" finished-at="2024-10-16T13:49:43 EDT" duration-ms="0" status="PASS">
          <reporter-output>
          </reporter-output>
        </test-method> <!-- tearDown -->
      </class> <!-- com.skillstorm.inventorymanagement.controllers.WarehouseControllerTest -->
      <class name="com.skillstorm.inventorymanagement.models.WarehouseTest">
        <test-method signature="testCapacity()[pri:0, instance:com.skillstorm.inventorymanagement.models.WarehouseTest@1af7f54a]" started-at="2024-10-16T13:49:42 EDT" name="testCapacity" finished-at="2024-10-16T13:49:42 EDT" duration-ms="0" status="PASS">
          <reporter-output>
          </reporter-output>
        </test-method> <!-- testCapacity -->
        <test-method is-config="true" signature="setUp()[pri:0, instance:com.skillstorm.inventorymanagement.models.WarehouseTest@1af7f54a]" started-at="2024-10-16T13:49:42 EDT" name="setUp" finished-at="2024-10-16T13:49:42 EDT" duration-ms="1" status="PASS">
          <reporter-output>
          </reporter-output>
        </test-method> <!-- setUp -->
        <test-method is-config="true" signature="setUp()[pri:0, instance:com.skillstorm.inventorymanagement.models.WarehouseTest@1af7f54a]" started-at="2024-10-16T13:49:42 EDT" name="setUp" finished-at="2024-10-16T13:49:42 EDT" duration-ms="0" status="PASS">
          <reporter-output>
          </reporter-output>
        </test-method> <!-- setUp -->
        <test-method signature="testConstructorWithoutShirts()[pri:0, instance:com.skillstorm.inventorymanagement.models.WarehouseTest@1af7f54a]" started-at="2024-10-16T13:49:42 EDT" name="testConstructorWithoutShirts" finished-at="2024-10-16T13:49:42 EDT" duration-ms="1" status="PASS">
          <reporter-output>
          </reporter-output>
        </test-method> <!-- testConstructorWithoutShirts -->
        <test-method signature="testCity()[pri:0, instance:com.skillstorm.inventorymanagement.models.WarehouseTest@1af7f54a]" started-at="2024-10-16T13:49:42 EDT" name="testCity" finished-at="2024-10-16T13:49:42 EDT" duration-ms="0" status="PASS">
          <reporter-output>
          </reporter-output>
        </test-method> <!-- testCity -->
        <test-method signature="testConstructorWithNameCityCapacityAndShirts()[pri:0, instance:com.skillstorm.inventorymanagement.models.WarehouseTest@1af7f54a]" started-at="2024-10-16T13:49:42 EDT" name="testConstructorWithNameCityCapacityAndShirts" finished-at="2024-10-16T13:49:42 EDT" duration-ms="0" status="PASS">
          <reporter-output>
          </reporter-output>
        </test-method> <!-- testConstructorWithNameCityCapacityAndShirts -->
        <test-method is-config="true" signature="setUp()[pri:0, instance:com.skillstorm.inventorymanagement.models.WarehouseTest@1af7f54a]" started-at="2024-10-16T13:49:42 EDT" name="setUp" finished-at="2024-10-16T13:49:42 EDT" duration-ms="0" status="PASS">
          <reporter-output>
          </reporter-output>
        </test-method> <!-- setUp -->
        <test-method is-config="true" signature="setUp()[pri:0, instance:com.skillstorm.inventorymanagement.models.WarehouseTest@1af7f54a]" started-at="2024-10-16T13:49:42 EDT" name="setUp" finished-at="2024-10-16T13:49:42 EDT" duration-ms="0" status="PASS">
          <reporter-output>
          </reporter-output>
        </test-method> <!-- setUp -->
        <test-method signature="testEquals()[pri:0, instance:com.skillstorm.inventorymanagement.models.WarehouseTest@1af7f54a]" started-at="2024-10-16T13:49:42 EDT" name="testEquals" finished-at="2024-10-16T13:49:42 EDT" duration-ms="0" status="PASS">
          <reporter-output>
          </reporter-output>
        </test-method> <!-- testEquals -->
        <test-method signature="testDefaultConstructor()[pri:0, instance:com.skillstorm.inventorymanagement.models.WarehouseTest@1af7f54a]" started-at="2024-10-16T13:49:42 EDT" name="testDefaultConstructor" finished-at="2024-10-16T13:49:42 EDT" duration-ms="0" status="PASS">
          <reporter-output>
          </reporter-output>
        </test-method> <!-- testDefaultConstructor -->
        <test-method is-config="true" signature="setUp()[pri:0, instance:com.skillstorm.inventorymanagement.models.WarehouseTest@1af7f54a]" started-at="2024-10-16T13:49:42 EDT" name="setUp" finished-at="2024-10-16T13:49:42 EDT" duration-ms="0" status="PASS">
          <reporter-output>
          </reporter-output>
        </test-method> <!-- setUp -->
        <test-method is-config="true" signature="setUp()[pri:0, instance:com.skillstorm.inventorymanagement.models.WarehouseTest@1af7f54a]" started-at="2024-10-16T13:49:42 EDT" name="setUp" finished-at="2024-10-16T13:49:42 EDT" duration-ms="0" status="PASS">
          <reporter-output>
          </reporter-output>
        </test-method> <!-- setUp -->
        <test-method is-config="true" signature="setUp()[pri:0, instance:com.skillstorm.inventorymanagement.models.WarehouseTest@1af7f54a]" started-at="2024-10-16T13:49:42 EDT" name="setUp" finished-at="2024-10-16T13:49:42 EDT" duration-ms="1" status="PASS">
          <reporter-output>
          </reporter-output>
        </test-method> <!-- setUp -->
        <test-method signature="testHashCode()[pri:0, instance:com.skillstorm.inventorymanagement.models.WarehouseTest@1af7f54a]" started-at="2024-10-16T13:49:42 EDT" name="testHashCode" finished-at="2024-10-16T13:49:42 EDT" duration-ms="0" status="PASS">
          <reporter-output>
          </reporter-output>
        </test-method> <!-- testHashCode -->
        <test-method signature="testEqualsWithNullFields()[pri:0, instance:com.skillstorm.inventorymanagement.models.WarehouseTest@1af7f54a]" started-at="2024-10-16T13:49:42 EDT" name="testEqualsWithNullFields" finished-at="2024-10-16T13:49:42 EDT" duration-ms="0" status="PASS">
          <reporter-output>
          </reporter-output>
        </test-method> <!-- testEqualsWithNullFields -->
        <test-method signature="testHashCodeWithNullValues()[pri:0, instance:com.skillstorm.inventorymanagement.models.WarehouseTest@1af7f54a]" started-at="2024-10-16T13:49:42 EDT" name="testHashCodeWithNullValues" finished-at="2024-10-16T13:49:42 EDT" duration-ms="0" status="PASS">
          <reporter-output>
          </reporter-output>
        </test-method> <!-- testHashCodeWithNullValues -->
        <test-method is-config="true" signature="setUp()[pri:0, instance:com.skillstorm.inventorymanagement.models.WarehouseTest@1af7f54a]" started-at="2024-10-16T13:49:42 EDT" name="setUp" finished-at="2024-10-16T13:49:42 EDT" duration-ms="0" status="PASS">
          <reporter-output>
          </reporter-output>
        </test-method> <!-- setUp -->
        <test-method is-config="true" signature="setUp()[pri:0, instance:com.skillstorm.inventorymanagement.models.WarehouseTest@1af7f54a]" started-at="2024-10-16T13:49:42 EDT" name="setUp" finished-at="2024-10-16T13:49:42 EDT" duration-ms="0" status="PASS">
          <reporter-output>
          </reporter-output>
        </test-method> <!-- setUp -->
        <test-method is-config="true" signature="setUp()[pri:0, instance:com.skillstorm.inventorymanagement.models.WarehouseTest@1af7f54a]" started-at="2024-10-16T13:49:42 EDT" name="setUp" finished-at="2024-10-16T13:49:42 EDT" duration-ms="0" status="PASS">
          <reporter-output>
          </reporter-output>
        </test-method> <!-- setUp -->
        <test-method signature="testShirts()[pri:0, instance:com.skillstorm.inventorymanagement.models.WarehouseTest@1af7f54a]" started-at="2024-10-16T13:49:42 EDT" name="testShirts" finished-at="2024-10-16T13:49:42 EDT" duration-ms="0" status="PASS">
          <reporter-output>
          </reporter-output>
        </test-method> <!-- testShirts -->
        <test-method signature="testId()[pri:0, instance:com.skillstorm.inventorymanagement.models.WarehouseTest@1af7f54a]" started-at="2024-10-16T13:49:42 EDT" name="testId" finished-at="2024-10-16T13:49:42 EDT" duration-ms="0" status="PASS">
          <reporter-output>
          </reporter-output>
        </test-method> <!-- testId -->
        <test-method signature="testToString()[pri:0, instance:com.skillstorm.inventorymanagement.models.WarehouseTest@1af7f54a]" started-at="2024-10-16T13:49:42 EDT" name="testToString" finished-at="2024-10-16T13:49:42 EDT" duration-ms="0" status="PASS">
          <reporter-output>
          </reporter-output>
        </test-method> <!-- testToString -->
        <test-method is-config="true" signature="setUp()[pri:0, instance:com.skillstorm.inventorymanagement.models.WarehouseTest@1af7f54a]" started-at="2024-10-16T13:49:42 EDT" name="setUp" finished-at="2024-10-16T13:49:42 EDT" duration-ms="1" status="PASS">
          <reporter-output>
          </reporter-output>
        </test-method> <!-- setUp -->
        <test-method is-config="true" signature="setUp()[pri:0, instance:com.skillstorm.inventorymanagement.models.WarehouseTest@1af7f54a]" started-at="2024-10-16T13:49:42 EDT" name="setUp" finished-at="2024-10-16T13:49:42 EDT" duration-ms="0" status="PASS">
          <reporter-output>
          </reporter-output>
        </test-method> <!-- setUp -->
        <test-method is-config="true" signature="setUp()[pri:0, instance:com.skillstorm.inventorymanagement.models.WarehouseTest@1af7f54a]" started-at="2024-10-16T13:49:42 EDT" name="setUp" finished-at="2024-10-16T13:49:42 EDT" duration-ms="0" status="PASS">
          <reporter-output>
          </reporter-output>
        </test-method> <!-- setUp -->
        <test-method signature="testWarehouseName()[pri:0, instance:com.skillstorm.inventorymanagement.models.WarehouseTest@1af7f54a]" started-at="2024-10-16T13:49:42 EDT" name="testWarehouseName" finished-at="2024-10-16T13:49:42 EDT" duration-ms="0" status="PASS">
          <reporter-output>
          </reporter-output>
        </test-method> <!-- testWarehouseName -->
      </class> <!-- com.skillstorm.inventorymanagement.models.WarehouseTest -->
    </test> <!-- Shirt Management Tests -->
  </suite> <!-- Inventory Management Suite -->
</testng-results>
