<?xml version="1.0" encoding="UTF-8"?>
<testsuite name="Shirt Management Tests"
           tests="5"
           failures="0"
           errors="0"
           skipped="0"
           time="0.005">
    <properties></properties>



            <testcase
                name="testAddShirt"
                time="0.003"
                classname="com.skillstorm.inventorymanagement.controllers.ShirtControllerTest">
            </testcase>
            <testcase
                name="testCreateShirt"
                time="0.001"
                classname="com.skillstorm.inventorymanagement.controllers.ShirtControllerTest">
            </testcase>
            <testcase
                name="testFindAllShirts"
                time="0.000"
                classname="com.skillstorm.inventorymanagement.controllers.ShirtControllerTest">
            </testcase>
            <testcase
                name="testDeleteShirt"
                time="0.000"
                classname="com.skillstorm.inventorymanagement.controllers.ShirtControllerTest">
            </testcase>
            <testcase
                name="testUpdateShirt"
                time="0.001"
                classname="com.skillstorm.inventorymanagement.controllers.ShirtControllerTest">
            </testcase>
</testsuite>
