<?xml version="1.0" encoding="UTF-8"?>
<!-- Generated by org.testng.reporters.JUnitXMLReporter -->
<testsuite ignored="0" hostname="KevPC" failures="0" tests="15" name="Shirt Management Tests" time="0.126" errors="0" timestamp="2024-10-15T17:02:44 EDT">
  <testcase classname="com.skillstorm.inventorymanagement.models.ShirtTest" name="testAnimal" time="0.007"/>
  <testcase classname="com.skillstorm.inventorymanagement.models.ShirtTest" name="testEquals" time="0.0"/>
  <testcase classname="com.skillstorm.inventorymanagement.models.ShirtTest" name="testHashCode" time="0.0"/>
  <testcase classname="com.skillstorm.inventorymanagement.models.ShirtTest" name="testId" time="0.0"/>
  <testcase classname="com.skillstorm.inventorymanagement.models.ShirtTest" name="testSize" time="0.0"/>
  <testcase classname="com.skillstorm.inventorymanagement.models.ShirtTest" name="testToString" time="0.006"/>
  <testcase classname="com.skillstorm.inventorymanagement.models.ShirtTest" name="testWarehouse" time="0.001"/>
  <testcase classname="com.skillstorm.inventorymanagement.models.WarehouseTest" name="testCapacity" time="0.0"/>
  <testcase classname="com.skillstorm.inventorymanagement.models.WarehouseTest" name="testCity" time="0.0"/>
  <testcase classname="com.skillstorm.inventorymanagement.models.WarehouseTest" name="testEquals" time="0.0"/>
  <testcase classname="com.skillstorm.inventorymanagement.models.WarehouseTest" name="testHashCode" time="0.0"/>
  <testcase classname="com.skillstorm.inventorymanagement.models.WarehouseTest" name="testId" time="0.001"/>
  <testcase classname="com.skillstorm.inventorymanagement.models.WarehouseTest" name="testShirts" time="0.0"/>
  <testcase classname="com.skillstorm.inventorymanagement.models.WarehouseTest" name="testToString" time="0.0"/>
  <testcase classname="com.skillstorm.inventorymanagement.models.WarehouseTest" name="testWarehouseName" time="0.0"/>
</testsuite> <!-- Shirt Management Tests -->
